<?xml version="1.0" encoding="UTF-8"?>
<!-- Generated by org.testng.reporters.JUnitReportReporter -->
<testsuite skipped="0" hostname="DESKTOP-E1E9EHH" name="com.ats.tests.ExcelUtilTests" tests="1" failures="0" timestamp="03 Mar 2022 14:04:13 GMT" time="0.545" errors="0">
  <testcase name="getCellData_Test" time="0.545" classname="com.ats.tests.ExcelUtilTests"/>
</testsuite> <!-- com.ats.tests.ExcelUtilTests -->
