<?xml version="1.0" encoding="UTF-8"?>
<!-- Generated by org.testng.reporters.JUnitReportReporter -->
<testsuite skipped="0" hostname="DESKTOP-E1E9EHH" name="com.ats.tests.PropertiesFileUtilTests" tests="1" failures="0" timestamp="27 Feb 2022 13:39:44 GMT" time="0.347" errors="0">
  <testcase name="test_firstname" time="0.347" classname="com.ats.tests.PropertiesFileUtilTests"/>
</testsuite> <!-- com.ats.tests.PropertiesFileUtilTests -->
